[18-May-2015 07:31:54 UTC] PHP Notice:  Undefined index: message in /var/www/testforum/vb/388/cometchat/cometchat_getid.php on line 95
[18-May-2015 07:31:54 UTC] PHP Notice:  Undefined index: link in /var/www/testforum/vb/388/cometchat/cometchat_getid.php on line 99
[18-May-2015 07:31:54 UTC] PHP Notice:  Undefined index: avatar in /var/www/testforum/vb/388/cometchat/cometchat_getid.php on line 100
[18-May-2015 07:31:54 UTC] PHP Notice:  Undefined index: username in /var/www/testforum/vb/388/cometchat/cometchat_getid.php on line 103
[18-May-2015 07:31:54 UTC] PHP Notice:  Undefined index: userid in /var/www/testforum/vb/388/cometchat/cometchat_getid.php on line 106
[18-May-2015 07:44:04 UTC] PHP Notice:  Undefined index: message in /var/www/testforum/vb/388/cometchat/cometchat_getid.php on line 95
[18-May-2015 07:44:04 UTC] PHP Notice:  Undefined index: link in /var/www/testforum/vb/388/cometchat/cometchat_getid.php on line 99
[18-May-2015 07:44:04 UTC] PHP Notice:  Undefined index: avatar in /var/www/testforum/vb/388/cometchat/cometchat_getid.php on line 100
[18-May-2015 07:44:04 UTC] PHP Notice:  Undefined index: username in /var/www/testforum/vb/388/cometchat/cometchat_getid.php on line 103
[18-May-2015 07:44:04 UTC] PHP Notice:  Undefined index: userid in /var/www/testforum/vb/388/cometchat/cometchat_getid.php on line 106
[18-May-2015 08:24:49 UTC] PHP Notice:  Undefined index: message in /var/www/testforum/vb/388/cometchat/cometchat_getid.php on line 95
[18-May-2015 08:24:49 UTC] PHP Notice:  Undefined index: link in /var/www/testforum/vb/388/cometchat/cometchat_getid.php on line 99
[18-May-2015 08:24:49 UTC] PHP Notice:  Undefined index: avatar in /var/www/testforum/vb/388/cometchat/cometchat_getid.php on line 100
[18-May-2015 08:24:49 UTC] PHP Notice:  Undefined index: username in /var/www/testforum/vb/388/cometchat/cometchat_getid.php on line 103
[18-May-2015 08:24:49 UTC] PHP Notice:  Undefined index: userid in /var/www/testforum/vb/388/cometchat/cometchat_getid.php on line 106
[18-May-2015 10:34:24 UTC] PHP Notice:  Undefined index: message in /var/www/testforum/vb/388/cometchat/cometchat_getid.php on line 95
[18-May-2015 10:34:24 UTC] PHP Notice:  Undefined index: link in /var/www/testforum/vb/388/cometchat/cometchat_getid.php on line 99
[18-May-2015 10:34:24 UTC] PHP Notice:  Undefined index: avatar in /var/www/testforum/vb/388/cometchat/cometchat_getid.php on line 100
[18-May-2015 10:34:24 UTC] PHP Notice:  Undefined index: username in /var/www/testforum/vb/388/cometchat/cometchat_getid.php on line 103
[18-May-2015 10:34:24 UTC] PHP Notice:  Undefined index: userid in /var/www/testforum/vb/388/cometchat/cometchat_getid.php on line 106
[18-May-2015 10:35:12 UTC] PHP Notice:  Undefined index: message in /var/www/testforum/vb/388/cometchat/cometchat_getid.php on line 95
[18-May-2015 10:35:12 UTC] PHP Notice:  Undefined index: link in /var/www/testforum/vb/388/cometchat/cometchat_getid.php on line 99
[18-May-2015 10:35:12 UTC] PHP Notice:  Undefined index: avatar in /var/www/testforum/vb/388/cometchat/cometchat_getid.php on line 100
[18-May-2015 10:35:12 UTC] PHP Notice:  Undefined index: username in /var/www/testforum/vb/388/cometchat/cometchat_getid.php on line 103
[18-May-2015 10:35:12 UTC] PHP Notice:  Undefined index: userid in /var/www/testforum/vb/388/cometchat/cometchat_getid.php on line 106
[18-May-2015 10:37:01 UTC] PHP Notice:  Undefined index: message in /var/www/testforum/vb/388/cometchat/cometchat_getid.php on line 95
[18-May-2015 10:37:01 UTC] PHP Notice:  Undefined index: link in /var/www/testforum/vb/388/cometchat/cometchat_getid.php on line 99
[18-May-2015 10:37:01 UTC] PHP Notice:  Undefined index: avatar in /var/www/testforum/vb/388/cometchat/cometchat_getid.php on line 100
[18-May-2015 10:37:01 UTC] PHP Notice:  Undefined index: username in /var/www/testforum/vb/388/cometchat/cometchat_getid.php on line 103
[18-May-2015 10:37:01 UTC] PHP Notice:  Undefined index: userid in /var/www/testforum/vb/388/cometchat/cometchat_getid.php on line 106
[18-May-2015 11:09:18 UTC] PHP Notice:  Undefined index: message in /var/www/testforum/vb/388/cometchat/cometchat_getid.php on line 95
[18-May-2015 11:09:18 UTC] PHP Notice:  Undefined index: link in /var/www/testforum/vb/388/cometchat/cometchat_getid.php on line 99
[18-May-2015 11:09:18 UTC] PHP Notice:  Undefined index: avatar in /var/www/testforum/vb/388/cometchat/cometchat_getid.php on line 100
[18-May-2015 11:09:18 UTC] PHP Notice:  Undefined index: username in /var/www/testforum/vb/388/cometchat/cometchat_getid.php on line 103
[18-May-2015 11:09:18 UTC] PHP Notice:  Undefined index: userid in /var/www/testforum/vb/388/cometchat/cometchat_getid.php on line 106
[18-May-2015 11:09:55 UTC] PHP Notice:  Undefined index: user in /var/www/testforum/vb/388/cometchat/integration.php on line 222
[18-May-2015 11:10:06 UTC] PHP Notice:  Undefined index: user in /var/www/testforum/vb/388/cometchat/integration.php on line 222
[18-May-2015 11:10:15 UTC] PHP Notice:  Undefined index: user in /var/www/testforum/vb/388/cometchat/integration.php on line 222
[18-May-2015 11:19:08 UTC] PHP Notice:  Undefined index: user in /var/www/testforum/vb/388/cometchat/integration.php on line 222
[18-May-2015 11:21:52 UTC] PHP Notice:  Undefined index: message in /var/www/testforum/vb/388/cometchat/cometchat_getid.php on line 95
[18-May-2015 11:21:52 UTC] PHP Notice:  Undefined index: link in /var/www/testforum/vb/388/cometchat/cometchat_getid.php on line 99
[18-May-2015 11:21:52 UTC] PHP Notice:  Undefined index: avatar in /var/www/testforum/vb/388/cometchat/cometchat_getid.php on line 100
[18-May-2015 11:21:52 UTC] PHP Notice:  Undefined index: username in /var/www/testforum/vb/388/cometchat/cometchat_getid.php on line 103
[18-May-2015 11:21:52 UTC] PHP Notice:  Undefined index: userid in /var/www/testforum/vb/388/cometchat/cometchat_getid.php on line 106
[18-May-2015 11:22:18 UTC] PHP Notice:  Undefined index: user in /var/www/testforum/vb/388/cometchat/integration.php on line 222
[18-May-2015 11:22:52 UTC] PHP Notice:  Undefined index: user in /var/www/testforum/vb/388/cometchat/integration.php on line 222
[18-May-2015 11:22:56 UTC] PHP Notice:  Undefined index: user in /var/www/testforum/vb/388/cometchat/integration.php on line 222
[18-May-2015 11:23:03 UTC] PHP Notice:  Undefined index: user in /var/www/testforum/vb/388/cometchat/integration.php on line 222
[18-May-2015 11:23:11 UTC] PHP Notice:  Undefined index: user in /var/www/testforum/vb/388/cometchat/integration.php on line 222
[17-May-2016 03:02:03 UTC] PHP Warning:  mysqli_fetch_assoc() expects parameter 1 to be mysqli_result, boolean given in /var/www/testforum/vb/388/cometchat/cometchat_receive.php on line 310
[17-May-2016 03:02:04 UTC] PHP Warning:  mysqli_fetch_assoc() expects parameter 1 to be mysqli_result, boolean given in /var/www/testforum/vb/388/cometchat/cometchat_receive.php on line 349
[17-May-2016 03:02:04 UTC] PHP Warning:  mysqli_fetch_assoc() expects parameter 1 to be mysqli_result, boolean given in /var/www/testforum/vb/388/cometchat/cometchat_receive.php on line 263
[17-May-2016 03:02:04 UTC] PHP Warning:  mysqli_fetch_assoc() expects parameter 1 to be mysqli_result, boolean given in /var/www/testforum/vb/388/cometchat/cometchat_receive.php on line 484
[17-May-2016 03:02:04 UTC] PHP Warning:  mysqli_fetch_assoc() expects parameter 1 to be mysqli_result, boolean given in /var/www/testforum/vb/388/cometchat/cometchat_receive.php on line 509
[17-May-2016 03:02:04 UTC] PHP Warning:  mysqli_fetch_assoc() expects parameter 1 to be mysqli_result, boolean given in /var/www/testforum/vb/388/cometchat/cometchat_receive.php on line 403
[06-Jun-2016 10:06:55 UTC] PHP Warning:  mysqli_connect(): (HY000/2002): Can't connect to local MySQL server through socket '/var/run/mysqld/mysqld.sock' (2) in /var/www/testforum/vb/388/cometchat/cometchat_shared.php on line 111
[06-Jun-2016 10:06:55 UTC] PHP Warning:  mysqli_connect(): (HY000/2002): Can't connect to local MySQL server through socket '/tmp/mysql5.sock' (2) in /var/www/testforum/vb/388/cometchat/cometchat_shared.php on line 114
[06-Jun-2016 10:06:55 UTC] PHP Warning:  mysqli_connect(): (HY000/2002): Can't connect to local MySQL server through socket '/var/run/mysqld/mysqld.sock' (2) in /var/www/testforum/vb/388/cometchat/cometchat_shared.php on line 111
[06-Jun-2016 10:06:55 UTC] PHP Warning:  mysqli_connect(): (HY000/2002): Can't connect to local MySQL server through socket '/tmp/mysql5.sock' (2) in /var/www/testforum/vb/388/cometchat/cometchat_shared.php on line 114
